# JRE version: OpenJDK Runtime Environment Temurin-21.0.9+10 (21.0.9+10) (build 21.0.9+10-LTS)
# Java VM: OpenJDK 64-Bit Server VM Temurin-21.0.9+10 (21.0.9+10-LTS, mixed mode, sharing, tiered, compressed oops, compressed class ptrs, parallel gc, windows-amd64)
GC Precious Log:
 CardTable entry size: 512
 CPUs: 16 total, 16 available
 Memory: 16055M
 Large Page Support: Disabled
 NUMA Support: Disabled
 Compressed Oops: Enabled (32-bit)
 Alignments: Space 512K, Generation 512K, Heap 2M
 Heap Min Capacity: 100M
 Heap Initial Capacity: 100M
 Heap Max Capacity: 2G
 Pre-touch: Disabled
 Parallel Workers: 13
Heap:
 PSYoungGen      total 11264K, used 5075K [0x00000000d5580000, 0x00000000d6200000, 0x0000000100000000)
  eden space 9728K, 40% used [0x00000000d5580000,0x00000000d5960430,0x00000000d5f00000)
  from space 1536K, 72% used [0x00000000d5f00000,0x00000000d6014808,0x00000000d6080000)
  to   space 1536K, 0% used [0x00000000d6080000,0x00000000d6080000,0x00000000d6200000)
 ParOldGen       total 77824K, used 77479K [0x0000000080000000, 0x0000000084c00000, 0x00000000d5580000)
  object space 77824K, 99% used [0x0000000080000000,0x0000000084ba9f78,0x0000000084c00000)
 Metaspace       used 55951K, committed 57280K, reserved 1114112K
  class space    used 6428K, committed 6976K, reserved 1048576K
GC Heap History (20 events):
Event: 20.288 GC heap before
{Heap before GC invocations=40 (full 2):
 PSYoungGen      total 15360K, used 15079K [0x00000000d5580000, 0x00000000d6800000, 0x0000000100000000)
  eden space 13312K, 100% used [0x00000000d5580000,0x00000000d6280000,0x00000000d6280000)
  from space 2048K, 86% used [0x00000000d6480000,0x00000000d6639ea0,0x00000000d6680000)
  to   space 1536K, 0% used [0x00000000d6680000,0x00000000d6680000,0x00000000d6800000)
 ParOldGen       total 68608K, used 60489K [0x0000000080000000, 0x0000000084300000, 0x00000000d5580000)
  object space 68608K, 88% used [0x0000000080000000,0x0000000083b12520,0x0000000084300000)
 Metaspace       used 53024K, committed 54272K, reserved 1114112K
  class space    used 5895K, committed 6400K, reserved 1048576K
}
Event: 20.291 GC heap after
{Heap after GC invocations=40 (full 2):
 PSYoungGen      total 14848K, used 1509K [0x00000000d5580000, 0x00000000d6a80000, 0x0000000100000000)
  eden space 13312K, 0% used [0x00000000d5580000,0x00000000d5580000,0x00000000d6280000)
  from space 1536K, 98% used [0x00000000d6680000,0x00000000d67f95e8,0x00000000d6800000)
  to   space 4096K, 0% used [0x00000000d6280000,0x00000000d6280000,0x00000000d6680000)
 ParOldGen       total 68608K, used 62513K [0x0000000080000000, 0x0000000084300000, 0x00000000d5580000)
  object space 68608K, 91% used [0x0000000080000000,0x0000000083d0c4a0,0x0000000084300000)
 Metaspace       used 53024K, committed 54272K, reserved 1114112K
  class space    used 5895K, committed 6400K, reserved 1048576K
}
Event: 20.500 GC heap before
{Heap before GC invocations=41 (full 2):
 PSYoungGen      total 14848K, used 14349K [0x00000000d5580000, 0x00000000d6a80000, 0x0000000100000000)
  eden space 13312K, 96% used [0x00000000d5580000,0x00000000d620a1d8,0x00000000d6280000)
  from space 1536K, 98% used [0x00000000d6680000,0x00000000d67f95e8,0x00000000d6800000)
  to   space 4096K, 0% used [0x00000000d6280000,0x00000000d6280000,0x00000000d6680000)
 ParOldGen       total 68608K, used 62513K [0x0000000080000000, 0x0000000084300000, 0x00000000d5580000)
  object space 68608K, 91% used [0x0000000080000000,0x0000000083d0c4a0,0x0000000084300000)
 Metaspace       used 53026K, committed 54272K, reserved 1114112K
  class space    used 5895K, committed 6400K, reserved 1048576K
}
Event: 20.503 GC heap after
{Heap after GC invocations=41 (full 2):
 PSYoungGen      total 14848K, used 1316K [0x00000000d5580000, 0x00000000d6780000, 0x0000000100000000)
  eden space 13312K, 0% used [0x00000000d5580000,0x00000000d5580000,0x00000000d6280000)
  from space 1536K, 85% used [0x00000000d6280000,0x00000000d63c9280,0x00000000d6400000)
  to   space 2560K, 0% used [0x00000000d6500000,0x00000000d6500000,0x00000000d6780000)
 ParOldGen       total 68608K, used 63967K [0x0000000080000000, 0x0000000084300000, 0x00000000d5580000)
  object space 68608K, 93% used [0x0000000080000000,0x0000000083e77cf0,0x0000000084300000)
 Metaspace       used 53026K, committed 54272K, reserved 1114112K
  class space    used 5895K, committed 6400K, reserved 1048576K
}
Event: 20.658 GC heap before
{Heap before GC invocations=42 (full 2):
 PSYoungGen      total 14848K, used 14628K [0x00000000d5580000, 0x00000000d6780000, 0x0000000100000000)
  eden space 13312K, 100% used [0x00000000d5580000,0x00000000d6280000,0x00000000d6280000)
  from space 1536K, 85% used [0x00000000d6280000,0x00000000d63c9280,0x00000000d6400000)
  to   space 2560K, 0% used [0x00000000d6500000,0x00000000d6500000,0x00000000d6780000)
 ParOldGen       total 68608K, used 63967K [0x0000000080000000, 0x0000000084300000, 0x00000000d5580000)
  object space 68608K, 93% used [0x0000000080000000,0x0000000083e77cf0,0x0000000084300000)
 Metaspace       used 53060K, committed 54336K, reserved 1114112K
  class space    used 5899K, committed 6400K, reserved 1048576K
}
Event: 20.660 GC heap after
{Heap after GC invocations=42 (full 2):
 PSYoungGen      total 12288K, used 2541K [0x00000000d5580000, 0x00000000d6e80000, 0x0000000100000000)
  eden space 9728K, 0% used [0x00000000d5580000,0x00000000d5580000,0x00000000d5f00000)
  from space 2560K, 99% used [0x00000000d6500000,0x00000000d677b578,0x00000000d6780000)
  to   space 6144K, 0% used [0x00000000d5f00000,0x00000000d5f00000,0x00000000d6500000)
 ParOldGen       total 68608K, used 66446K [0x0000000080000000, 0x0000000084300000, 0x00000000d5580000)
  object space 68608K, 96% used [0x0000000080000000,0x00000000840e3b40,0x0000000084300000)
 Metaspace       used 53060K, committed 54336K, reserved 1114112K
  class space    used 5899K, committed 6400K, reserved 1048576K
}
Event: 20.821 GC heap before
{Heap before GC invocations=43 (full 2):
 PSYoungGen      total 12288K, used 12269K [0x00000000d5580000, 0x00000000d6e80000, 0x0000000100000000)
  eden space 9728K, 100% used [0x00000000d5580000,0x00000000d5f00000,0x00000000d5f00000)
  from space 2560K, 99% used [0x00000000d6500000,0x00000000d677b578,0x00000000d6780000)
  to   space 6144K, 0% used [0x00000000d5f00000,0x00000000d5f00000,0x00000000d6500000)
 ParOldGen       total 68608K, used 66446K [0x0000000080000000, 0x0000000084300000, 0x00000000d5580000)
  object space 68608K, 96% used [0x0000000080000000,0x00000000840e3b40,0x0000000084300000)
 Metaspace       used 53294K, committed 54592K, reserved 1114112K
  class space    used 5952K, committed 6464K, reserved 1048576K
}
Event: 20.824 GC heap after
{Heap after GC invocations=43 (full 2):
 PSYoungGen      total 11264K, used 1234K [0x00000000d5580000, 0x00000000d6580000, 0x0000000100000000)
  eden space 9728K, 0% used [0x00000000d5580000,0x00000000d5580000,0x00000000d5f00000)
  from space 1536K, 80% used [0x00000000d5f00000,0x00000000d6034938,0x00000000d6080000)
  to   space 3072K, 0% used [0x00000000d6280000,0x00000000d6280000,0x00000000d6580000)
 ParOldGen       total 69120K, used 68988K [0x0000000080000000, 0x0000000084380000, 0x00000000d5580000)
  object space 69120K, 99% used [0x0000000080000000,0x000000008435f0f8,0x0000000084380000)
 Metaspace       used 53294K, committed 54592K, reserved 1114112K
  class space    used 5952K, committed 6464K, reserved 1048576K
}
Event: 20.936 GC heap before
{Heap before GC invocations=44 (full 2):
 PSYoungGen      total 11264K, used 10962K [0x00000000d5580000, 0x00000000d6580000, 0x0000000100000000)
  eden space 9728K, 100% used [0x00000000d5580000,0x00000000d5f00000,0x00000000d5f00000)
  from space 1536K, 80% used [0x00000000d5f00000,0x00000000d6034938,0x00000000d6080000)
  to   space 3072K, 0% used [0x00000000d6280000,0x00000000d6280000,0x00000000d6580000)
 ParOldGen       total 69120K, used 68988K [0x0000000080000000, 0x0000000084380000, 0x00000000d5580000)
  object space 69120K, 99% used [0x0000000080000000,0x000000008435f0f8,0x0000000084380000)
 Metaspace       used 53573K, committed 54976K, reserved 1114112K
  class space    used 6012K, committed 6592K, reserved 1048576K
}
Event: 20.939 GC heap after
{Heap after GC invocations=44 (full 2):
 PSYoungGen      total 11776K, used 1620K [0x00000000d5580000, 0x00000000d6480000, 0x0000000100000000)
  eden space 9728K, 0% used [0x00000000d5580000,0x00000000d5580000,0x00000000d5f00000)
  from space 2048K, 79% used [0x00000000d6280000,0x00000000d6415108,0x00000000d6480000)
  to   space 2048K, 0% used [0x00000000d6080000,0x00000000d6080000,0x00000000d6280000)
 ParOldGen       total 70144K, used 70089K [0x0000000080000000, 0x0000000084480000, 0x00000000d5580000)
  object space 70144K, 99% used [0x0000000080000000,0x0000000084472650,0x0000000084480000)
 Metaspace       used 53573K, committed 54976K, reserved 1114112K
  class space    used 6012K, committed 6592K, reserved 1048576K
}
Event: 21.130 GC heap before
{Heap before GC invocations=45 (full 2):
 PSYoungGen      total 11776K, used 11348K [0x00000000d5580000, 0x00000000d6480000, 0x0000000100000000)
  eden space 9728K, 100% used [0x00000000d5580000,0x00000000d5f00000,0x00000000d5f00000)
  from space 2048K, 79% used [0x00000000d6280000,0x00000000d6415108,0x00000000d6480000)
  to   space 2048K, 0% used [0x00000000d6080000,0x00000000d6080000,0x00000000d6280000)
 ParOldGen       total 70144K, used 70089K [0x0000000080000000, 0x0000000084480000, 0x00000000d5580000)
  object space 70144K, 99% used [0x0000000080000000,0x0000000084472650,0x0000000084480000)
 Metaspace       used 54114K, committed 55424K, reserved 1114112K
  class space    used 6110K, committed 6656K, reserved 1048576K
}
Event: 21.133 GC heap after
{Heap after GC invocations=45 (full 2):
 PSYoungGen      total 11264K, used 1342K [0x00000000d5580000, 0x00000000d6300000, 0x0000000100000000)
  eden space 9728K, 0% used [0x00000000d5580000,0x00000000d5580000,0x00000000d5f00000)
  from space 1536K, 87% used [0x00000000d6080000,0x00000000d61cf858,0x00000000d6200000)
  to   space 1024K, 0% used [0x00000000d6200000,0x00000000d6200000,0x00000000d6300000)
 ParOldGen       total 71680K, used 71641K [0x0000000080000000, 0x0000000084600000, 0x00000000d5580000)
  object space 71680K, 99% used [0x0000000080000000,0x00000000845f64f0,0x0000000084600000)
 Metaspace       used 54114K, committed 55424K, reserved 1114112K
  class space    used 6110K, committed 6656K, reserved 1048576K
}
Event: 21.188 GC heap before
{Heap before GC invocations=46 (full 2):
 PSYoungGen      total 11264K, used 11070K [0x00000000d5580000, 0x00000000d6300000, 0x0000000100000000)
  eden space 9728K, 100% used [0x00000000d5580000,0x00000000d5f00000,0x00000000d5f00000)
  from space 1536K, 87% used [0x00000000d6080000,0x00000000d61cf858,0x00000000d6200000)
  to   space 1024K, 0% used [0x00000000d6200000,0x00000000d6200000,0x00000000d6300000)
 ParOldGen       total 71680K, used 71641K [0x0000000080000000, 0x0000000084600000, 0x00000000d5580000)
  object space 71680K, 99% used [0x0000000080000000,0x00000000845f64f0,0x0000000084600000)
 Metaspace       used 54387K, committed 55744K, reserved 1114112K
  class space    used 6150K, committed 6720K, reserved 1048576K
}
Event: 21.191 GC heap after
{Heap after GC invocations=46 (full 2):
 PSYoungGen      total 10752K, used 1024K [0x00000000d5580000, 0x00000000d6500000, 0x0000000100000000)
  eden space 9728K, 0% used [0x00000000d5580000,0x00000000d5580000,0x00000000d5f00000)
  from space 1024K, 100% used [0x00000000d6200000,0x00000000d6300000,0x00000000d6300000)
  to   space 3072K, 0% used [0x00000000d5f00000,0x00000000d5f00000,0x00000000d6200000)
 ParOldGen       total 73728K, used 73312K [0x0000000080000000, 0x0000000084800000, 0x00000000d5580000)
  object space 73728K, 99% used [0x0000000080000000,0x0000000084798370,0x0000000084800000)
 Metaspace       used 54387K, committed 55744K, reserved 1114112K
  class space    used 6150K, committed 6720K, reserved 1048576K
}
Event: 21.259 GC heap before
{Heap before GC invocations=47 (full 2):
 PSYoungGen      total 10752K, used 10752K [0x00000000d5580000, 0x00000000d6500000, 0x0000000100000000)
  eden space 9728K, 100% used [0x00000000d5580000,0x00000000d5f00000,0x00000000d5f00000)
  from space 1024K, 100% used [0x00000000d6200000,0x00000000d6300000,0x00000000d6300000)
  to   space 3072K, 0% used [0x00000000d5f00000,0x00000000d5f00000,0x00000000d6200000)
 ParOldGen       total 73728K, used 73312K [0x0000000080000000, 0x0000000084800000, 0x00000000d5580000)
  object space 73728K, 99% used [0x0000000080000000,0x0000000084798370,0x0000000084800000)
 Metaspace       used 54617K, committed 56000K, reserved 1114112K
  class space    used 6193K, committed 6784K, reserved 1048576K
}
Event: 21.261 GC heap after
{Heap after GC invocations=47 (full 2):
 PSYoungGen      total 11776K, used 1904K [0x00000000d5580000, 0x00000000d6400000, 0x0000000100000000)
  eden space 9728K, 0% used [0x00000000d5580000,0x00000000d5580000,0x00000000d5f00000)
  from space 2048K, 92% used [0x00000000d5f00000,0x00000000d60dc220,0x00000000d6100000)
  to   space 2560K, 0% used [0x00000000d6180000,0x00000000d6180000,0x00000000d6400000)
 ParOldGen       total 74752K, used 74304K [0x0000000080000000, 0x0000000084900000, 0x00000000d5580000)
  object space 74752K, 99% used [0x0000000080000000,0x0000000084890030,0x0000000084900000)
 Metaspace       used 54617K, committed 56000K, reserved 1114112K
  class space    used 6193K, committed 6784K, reserved 1048576K
}
Event: 21.348 GC heap before
{Heap before GC invocations=48 (full 2):
 PSYoungGen      total 11776K, used 11632K [0x00000000d5580000, 0x00000000d6400000, 0x0000000100000000)
  eden space 9728K, 100% used [0x00000000d5580000,0x00000000d5f00000,0x00000000d5f00000)
  from space 2048K, 92% used [0x00000000d5f00000,0x00000000d60dc220,0x00000000d6100000)
  to   space 2560K, 0% used [0x00000000d6180000,0x00000000d6180000,0x00000000d6400000)
 ParOldGen       total 74752K, used 74304K [0x0000000080000000, 0x0000000084900000, 0x00000000d5580000)
  object space 74752K, 99% used [0x0000000080000000,0x0000000084890030,0x0000000084900000)
 Metaspace       used 54970K, committed 56384K, reserved 1114112K
  class space    used 6251K, committed 6848K, reserved 1048576K
}
Event: 21.352 GC heap after
{Heap after GC invocations=48 (full 2):
 PSYoungGen      total 11776K, used 1715K [0x00000000d5580000, 0x00000000d6380000, 0x0000000100000000)
  eden space 9728K, 0% used [0x00000000d5580000,0x00000000d5580000,0x00000000d5f00000)
  from space 2048K, 83% used [0x00000000d6180000,0x00000000d632cf98,0x00000000d6380000)
  to   space 2048K, 0% used [0x00000000d5f00000,0x00000000d5f00000,0x00000000d6100000)
 ParOldGen       total 76288K, used 75964K [0x0000000080000000, 0x0000000084a80000, 0x00000000d5580000)
  object space 76288K, 99% used [0x0000000080000000,0x0000000084a2f000,0x0000000084a80000)
 Metaspace       used 54970K, committed 56384K, reserved 1114112K
  class space    used 6251K, committed 6848K, reserved 1048576K
}
Event: 21.628 GC heap before
{Heap before GC invocations=49 (full 2):
 PSYoungGen      total 11776K, used 11443K [0x00000000d5580000, 0x00000000d6380000, 0x0000000100000000)
  eden space 9728K, 100% used [0x00000000d5580000,0x00000000d5f00000,0x00000000d5f00000)
  from space 2048K, 83% used [0x00000000d6180000,0x00000000d632cf98,0x00000000d6380000)
  to   space 2048K, 0% used [0x00000000d5f00000,0x00000000d5f00000,0x00000000d6100000)
 ParOldGen       total 76288K, used 75964K [0x0000000080000000, 0x0000000084a80000, 0x00000000d5580000)
  object space 76288K, 99% used [0x0000000080000000,0x0000000084a2f000,0x0000000084a80000)
 Metaspace       used 55720K, committed 57088K, reserved 1114112K
  class space    used 6393K, committed 6976K, reserved 1048576K
}
Event: 21.631 GC heap after
{Heap after GC invocations=49 (full 2):
 PSYoungGen      total 11264K, used 1106K [0x00000000d5580000, 0x00000000d6200000, 0x0000000100000000)
  eden space 9728K, 0% used [0x00000000d5580000,0x00000000d5580000,0x00000000d5f00000)
  from space 1536K, 72% used [0x00000000d5f00000,0x00000000d6014808,0x00000000d6080000)
  to   space 1536K, 0% used [0x00000000d6080000,0x00000000d6080000,0x00000000d6200000)
 ParOldGen       total 77824K, used 77479K [0x0000000080000000, 0x0000000084c00000, 0x00000000d5580000)
  object space 77824K, 99% used [0x0000000080000000,0x0000000084ba9f78,0x0000000084c00000)
 Metaspace       used 55720K, committed 57088K, reserved 1114112K
  class space    used 6393K, committed 6976K, reserved 1048576K
}

