# JRE version: OpenJDK Runtime Environment Temurin-21.0.9+10 (21.0.9+10) (build 21.0.9+10-LTS)
# Java VM: OpenJDK 64-Bit Server VM Temurin-21.0.9+10 (21.0.9+10-LTS, mixed mode, sharing, tiered, compressed oops, compressed class ptrs, parallel gc, windows-amd64)
GC Precious Log:
 CardTable entry size: 512
 CPUs: 16 total, 16 available
 Memory: 16055M
 Large Page Support: Disabled
 NUMA Support: Disabled
 Compressed Oops: Enabled (32-bit)
 Alignments: Space 512K, Generation 512K, Heap 2M
 Heap Min Capacity: 100M
 Heap Initial Capacity: 100M
 Heap Max Capacity: 2G
 Pre-touch: Disabled
 Parallel Workers: 13
Heap:
 PSYoungGen      total 5120K, used 5014K [0x00000000d5580000, 0x00000000d5b80000, 0x0000000100000000)
  eden space 4096K, 100% used [0x00000000d5580000,0x00000000d5980000,0x00000000d5980000)
  from space 1024K, 89% used [0x00000000d5980000,0x00000000d5a65bd0,0x00000000d5a80000)
  to   space 1024K, 0% used [0x00000000d5a80000,0x00000000d5a80000,0x00000000d5b80000)
 ParOldGen       total 282624K, used 282551K [0x0000000080000000, 0x0000000091400000, 0x00000000d5580000)
  object space 282624K, 99% used [0x0000000080000000,0x00000000913edd50,0x0000000091400000)
 Metaspace       used 56180K, committed 57472K, reserved 1114112K
  class space    used 6460K, committed 7040K, reserved 1048576K
GC Heap History (20 events):
Event: 17.414 GC heap before
{Heap before GC invocations=200 (full 2):
 PSYoungGen      total 5120K, used 4864K [0x00000000d5580000, 0x00000000d5b80000, 0x0000000100000000)
  eden space 4096K, 100% used [0x00000000d5580000,0x00000000d5980000,0x00000000d5980000)
  from space 1024K, 75% used [0x00000000d5980000,0x00000000d5a40000,0x00000000d5a80000)
  to   space 1024K, 0% used [0x00000000d5a80000,0x00000000d5a80000,0x00000000d5b80000)
 ParOldGen       total 275968K, used 275793K [0x0000000080000000, 0x0000000090d80000, 0x00000000d5580000)
  object space 275968K, 99% used [0x0000000080000000,0x0000000090d54650,0x0000000090d80000)
 Metaspace       used 56116K, committed 57472K, reserved 1114112K
  class space    used 6448K, committed 7040K, reserved 1048576K
}
Event: 17.416 GC heap after
{Heap after GC invocations=200 (full 2):
 PSYoungGen      total 5120K, used 823K [0x00000000d5580000, 0x00000000d5b80000, 0x0000000100000000)
  eden space 4096K, 0% used [0x00000000d5580000,0x00000000d5580000,0x00000000d5980000)
  from space 1024K, 80% used [0x00000000d5a80000,0x00000000d5b4ddb8,0x00000000d5b80000)
  to   space 1024K, 0% used [0x00000000d5980000,0x00000000d5980000,0x00000000d5a80000)
 ParOldGen       total 276480K, used 276474K [0x0000000080000000, 0x0000000090e00000, 0x00000000d5580000)
  object space 276480K, 99% used [0x0000000080000000,0x0000000090dfe9f8,0x0000000090e00000)
 Metaspace       used 56116K, committed 57472K, reserved 1114112K
  class space    used 6448K, committed 7040K, reserved 1048576K
}
Event: 17.423 GC heap before
{Heap before GC invocations=201 (full 2):
 PSYoungGen      total 5120K, used 4919K [0x00000000d5580000, 0x00000000d5b80000, 0x0000000100000000)
  eden space 4096K, 99% used [0x00000000d5580000,0x00000000d597ffd8,0x00000000d5980000)
  from space 1024K, 80% used [0x00000000d5a80000,0x00000000d5b4ddb8,0x00000000d5b80000)
  to   space 1024K, 0% used [0x00000000d5980000,0x00000000d5980000,0x00000000d5a80000)
 ParOldGen       total 276480K, used 276474K [0x0000000080000000, 0x0000000090e00000, 0x00000000d5580000)
  object space 276480K, 99% used [0x0000000080000000,0x0000000090dfe9f8,0x0000000090e00000)
 Metaspace       used 56116K, committed 57472K, reserved 1114112K
  class space    used 6448K, committed 7040K, reserved 1048576K
}
Event: 17.425 GC heap after
{Heap after GC invocations=201 (full 2):
 PSYoungGen      total 5120K, used 834K [0x00000000d5580000, 0x00000000d5b80000, 0x0000000100000000)
  eden space 4096K, 0% used [0x00000000d5580000,0x00000000d5580000,0x00000000d5980000)
  from space 1024K, 81% used [0x00000000d5980000,0x00000000d5a508a8,0x00000000d5a80000)
  to   space 1024K, 0% used [0x00000000d5a80000,0x00000000d5a80000,0x00000000d5b80000)
 ParOldGen       total 277504K, used 277153K [0x0000000080000000, 0x0000000090f00000, 0x00000000d5580000)
  object space 277504K, 99% used [0x0000000080000000,0x0000000090ea8618,0x0000000090f00000)
 Metaspace       used 56116K, committed 57472K, reserved 1114112K
  class space    used 6448K, committed 7040K, reserved 1048576K
}
Event: 17.433 GC heap before
{Heap before GC invocations=202 (full 2):
 PSYoungGen      total 5120K, used 4930K [0x00000000d5580000, 0x00000000d5b80000, 0x0000000100000000)
  eden space 4096K, 99% used [0x00000000d5580000,0x00000000d597ffc8,0x00000000d5980000)
  from space 1024K, 81% used [0x00000000d5980000,0x00000000d5a508a8,0x00000000d5a80000)
  to   space 1024K, 0% used [0x00000000d5a80000,0x00000000d5a80000,0x00000000d5b80000)
 ParOldGen       total 277504K, used 277153K [0x0000000080000000, 0x0000000090f00000, 0x00000000d5580000)
  object space 277504K, 99% used [0x0000000080000000,0x0000000090ea8618,0x0000000090f00000)
 Metaspace       used 56116K, committed 57472K, reserved 1114112K
  class space    used 6448K, committed 7040K, reserved 1048576K
}
Event: 17.434 GC heap after
{Heap after GC invocations=202 (full 2):
 PSYoungGen      total 5120K, used 820K [0x00000000d5580000, 0x00000000d5b80000, 0x0000000100000000)
  eden space 4096K, 0% used [0x00000000d5580000,0x00000000d5580000,0x00000000d5980000)
  from space 1024K, 80% used [0x00000000d5a80000,0x00000000d5b4d248,0x00000000d5b80000)
  to   space 1024K, 0% used [0x00000000d5980000,0x00000000d5980000,0x00000000d5a80000)
 ParOldGen       total 278016K, used 277839K [0x0000000080000000, 0x0000000090f80000, 0x00000000d5580000)
  object space 278016K, 99% used [0x0000000080000000,0x0000000090f53f38,0x0000000090f80000)
 Metaspace       used 56116K, committed 57472K, reserved 1114112K
  class space    used 6448K, committed 7040K, reserved 1048576K
}
Event: 17.441 GC heap before
{Heap before GC invocations=203 (full 2):
 PSYoungGen      total 5120K, used 4916K [0x00000000d5580000, 0x00000000d5b80000, 0x0000000100000000)
  eden space 4096K, 100% used [0x00000000d5580000,0x00000000d5980000,0x00000000d5980000)
  from space 1024K, 80% used [0x00000000d5a80000,0x00000000d5b4d248,0x00000000d5b80000)
  to   space 1024K, 0% used [0x00000000d5980000,0x00000000d5980000,0x00000000d5a80000)
 ParOldGen       total 278016K, used 277839K [0x0000000080000000, 0x0000000090f80000, 0x00000000d5580000)
  object space 278016K, 99% used [0x0000000080000000,0x0000000090f53f38,0x0000000090f80000)
 Metaspace       used 56116K, committed 57472K, reserved 1114112K
  class space    used 6448K, committed 7040K, reserved 1048576K
}
Event: 17.443 GC heap after
{Heap after GC invocations=203 (full 2):
 PSYoungGen      total 5120K, used 819K [0x00000000d5580000, 0x00000000d5b80000, 0x0000000100000000)
  eden space 4096K, 0% used [0x00000000d5580000,0x00000000d5580000,0x00000000d5980000)
  from space 1024K, 80% used [0x00000000d5980000,0x00000000d5a4ced0,0x00000000d5a80000)
  to   space 1024K, 0% used [0x00000000d5a80000,0x00000000d5a80000,0x00000000d5b80000)
 ParOldGen       total 278528K, used 278495K [0x0000000080000000, 0x0000000091000000, 0x00000000d5580000)
  object space 278528K, 99% used [0x0000000080000000,0x0000000090ff7f28,0x0000000091000000)
 Metaspace       used 56116K, committed 57472K, reserved 1114112K
  class space    used 6448K, committed 7040K, reserved 1048576K
}
Event: 17.450 GC heap before
{Heap before GC invocations=204 (full 2):
 PSYoungGen      total 5120K, used 4915K [0x00000000d5580000, 0x00000000d5b80000, 0x0000000100000000)
  eden space 4096K, 100% used [0x00000000d5580000,0x00000000d5980000,0x00000000d5980000)
  from space 1024K, 80% used [0x00000000d5980000,0x00000000d5a4ced0,0x00000000d5a80000)
  to   space 1024K, 0% used [0x00000000d5a80000,0x00000000d5a80000,0x00000000d5b80000)
 ParOldGen       total 278528K, used 278495K [0x0000000080000000, 0x0000000091000000, 0x00000000d5580000)
  object space 278528K, 99% used [0x0000000080000000,0x0000000090ff7f28,0x0000000091000000)
 Metaspace       used 56116K, committed 57472K, reserved 1114112K
  class space    used 6448K, committed 7040K, reserved 1048576K
}
Event: 17.451 GC heap after
{Heap after GC invocations=204 (full 2):
 PSYoungGen      total 5120K, used 840K [0x00000000d5580000, 0x00000000d5b80000, 0x0000000100000000)
  eden space 4096K, 0% used [0x00000000d5580000,0x00000000d5580000,0x00000000d5980000)
  from space 1024K, 82% used [0x00000000d5a80000,0x00000000d5b52268,0x00000000d5b80000)
  to   space 1024K, 0% used [0x00000000d5980000,0x00000000d5980000,0x00000000d5a80000)
 ParOldGen       total 279552K, used 279161K [0x0000000080000000, 0x0000000091100000, 0x00000000d5580000)
  object space 279552K, 99% used [0x0000000080000000,0x000000009109e458,0x0000000091100000)
 Metaspace       used 56116K, committed 57472K, reserved 1114112K
  class space    used 6448K, committed 7040K, reserved 1048576K
}
Event: 17.459 GC heap before
{Heap before GC invocations=205 (full 2):
 PSYoungGen      total 5120K, used 4936K [0x00000000d5580000, 0x00000000d5b80000, 0x0000000100000000)
  eden space 4096K, 100% used [0x00000000d5580000,0x00000000d5980000,0x00000000d5980000)
  from space 1024K, 82% used [0x00000000d5a80000,0x00000000d5b52268,0x00000000d5b80000)
  to   space 1024K, 0% used [0x00000000d5980000,0x00000000d5980000,0x00000000d5a80000)
 ParOldGen       total 279552K, used 279161K [0x0000000080000000, 0x0000000091100000, 0x00000000d5580000)
  object space 279552K, 99% used [0x0000000080000000,0x000000009109e458,0x0000000091100000)
 Metaspace       used 56116K, committed 57472K, reserved 1114112K
  class space    used 6448K, committed 7040K, reserved 1048576K
}
Event: 17.460 GC heap after
{Heap after GC invocations=205 (full 2):
 PSYoungGen      total 5120K, used 900K [0x00000000d5580000, 0x00000000d5b80000, 0x0000000100000000)
  eden space 4096K, 0% used [0x00000000d5580000,0x00000000d5580000,0x00000000d5980000)
  from space 1024K, 87% used [0x00000000d5980000,0x00000000d5a610c8,0x00000000d5a80000)
  to   space 1024K, 0% used [0x00000000d5a80000,0x00000000d5a80000,0x00000000d5b80000)
 ParOldGen       total 280064K, used 279843K [0x0000000080000000, 0x0000000091180000, 0x00000000d5580000)
  object space 280064K, 99% used [0x0000000080000000,0x0000000091148f08,0x0000000091180000)
 Metaspace       used 56116K, committed 57472K, reserved 1114112K
  class space    used 6448K, committed 7040K, reserved 1048576K
}
Event: 17.469 GC heap before
{Heap before GC invocations=206 (full 2):
 PSYoungGen      total 5120K, used 4996K [0x00000000d5580000, 0x00000000d5b80000, 0x0000000100000000)
  eden space 4096K, 100% used [0x00000000d5580000,0x00000000d5980000,0x00000000d5980000)
  from space 1024K, 87% used [0x00000000d5980000,0x00000000d5a610c8,0x00000000d5a80000)
  to   space 1024K, 0% used [0x00000000d5a80000,0x00000000d5a80000,0x00000000d5b80000)
 ParOldGen       total 280064K, used 279843K [0x0000000080000000, 0x0000000091180000, 0x00000000d5580000)
  object space 280064K, 99% used [0x0000000080000000,0x0000000091148f08,0x0000000091180000)
 Metaspace       used 56116K, committed 57472K, reserved 1114112K
  class space    used 6448K, committed 7040K, reserved 1048576K
}
Event: 17.471 GC heap after
{Heap after GC invocations=206 (full 2):
 PSYoungGen      total 5120K, used 766K [0x00000000d5580000, 0x00000000d5b80000, 0x0000000100000000)
  eden space 4096K, 0% used [0x00000000d5580000,0x00000000d5580000,0x00000000d5980000)
  from space 1024K, 74% used [0x00000000d5a80000,0x00000000d5b3fb60,0x00000000d5b80000)
  to   space 1024K, 0% used [0x00000000d5980000,0x00000000d5980000,0x00000000d5a80000)
 ParOldGen       total 280576K, used 280539K [0x0000000080000000, 0x0000000091200000, 0x00000000d5580000)
  object space 280576K, 99% used [0x0000000080000000,0x00000000911f6f20,0x0000000091200000)
 Metaspace       used 56116K, committed 57472K, reserved 1114112K
  class space    used 6448K, committed 7040K, reserved 1048576K
}
Event: 17.480 GC heap before
{Heap before GC invocations=207 (full 2):
 PSYoungGen      total 5120K, used 4862K [0x00000000d5580000, 0x00000000d5b80000, 0x0000000100000000)
  eden space 4096K, 100% used [0x00000000d5580000,0x00000000d5980000,0x00000000d5980000)
  from space 1024K, 74% used [0x00000000d5a80000,0x00000000d5b3fb60,0x00000000d5b80000)
  to   space 1024K, 0% used [0x00000000d5980000,0x00000000d5980000,0x00000000d5a80000)
 ParOldGen       total 280576K, used 280539K [0x0000000080000000, 0x0000000091200000, 0x00000000d5580000)
  object space 280576K, 99% used [0x0000000080000000,0x00000000911f6f20,0x0000000091200000)
 Metaspace       used 56116K, committed 57472K, reserved 1114112K
  class space    used 6448K, committed 7040K, reserved 1048576K
}
Event: 17.482 GC heap after
{Heap after GC invocations=207 (full 2):
 PSYoungGen      total 5120K, used 864K [0x00000000d5580000, 0x00000000d5b80000, 0x0000000100000000)
  eden space 4096K, 0% used [0x00000000d5580000,0x00000000d5580000,0x00000000d5980000)
  from space 1024K, 84% used [0x00000000d5980000,0x00000000d5a58000,0x00000000d5a80000)
  to   space 1024K, 0% used [0x00000000d5a80000,0x00000000d5a80000,0x00000000d5b80000)
 ParOldGen       total 281600K, used 281164K [0x0000000080000000, 0x0000000091300000, 0x00000000d5580000)
  object space 281600K, 99% used [0x0000000080000000,0x0000000091293388,0x0000000091300000)
 Metaspace       used 56116K, committed 57472K, reserved 1114112K
  class space    used 6448K, committed 7040K, reserved 1048576K
}
Event: 17.490 GC heap before
{Heap before GC invocations=208 (full 2):
 PSYoungGen      total 5120K, used 4960K [0x00000000d5580000, 0x00000000d5b80000, 0x0000000100000000)
  eden space 4096K, 100% used [0x00000000d5580000,0x00000000d5980000,0x00000000d5980000)
  from space 1024K, 84% used [0x00000000d5980000,0x00000000d5a58000,0x00000000d5a80000)
  to   space 1024K, 0% used [0x00000000d5a80000,0x00000000d5a80000,0x00000000d5b80000)
 ParOldGen       total 281600K, used 281164K [0x0000000080000000, 0x0000000091300000, 0x00000000d5580000)
  object space 281600K, 99% used [0x0000000080000000,0x0000000091293388,0x0000000091300000)
 Metaspace       used 56116K, committed 57472K, reserved 1114112K
  class space    used 6448K, committed 7040K, reserved 1048576K
}
Event: 17.491 GC heap after
{Heap after GC invocations=208 (full 2):
 PSYoungGen      total 5120K, used 890K [0x00000000d5580000, 0x00000000d5b80000, 0x0000000100000000)
  eden space 4096K, 0% used [0x00000000d5580000,0x00000000d5580000,0x00000000d5980000)
  from space 1024K, 86% used [0x00000000d5a80000,0x00000000d5b5e970,0x00000000d5b80000)
  to   space 1024K, 0% used [0x00000000d5980000,0x00000000d5980000,0x00000000d5a80000)
 ParOldGen       total 282112K, used 281829K [0x0000000080000000, 0x0000000091380000, 0x00000000d5580000)
  object space 282112K, 99% used [0x0000000080000000,0x00000000913395b8,0x0000000091380000)
 Metaspace       used 56116K, committed 57472K, reserved 1114112K
  class space    used 6448K, committed 7040K, reserved 1048576K
}
Event: 17.505 GC heap before
{Heap before GC invocations=209 (full 2):
 PSYoungGen      total 5120K, used 4986K [0x00000000d5580000, 0x00000000d5b80000, 0x0000000100000000)
  eden space 4096K, 100% used [0x00000000d5580000,0x00000000d5980000,0x00000000d5980000)
  from space 1024K, 86% used [0x00000000d5a80000,0x00000000d5b5e970,0x00000000d5b80000)
  to   space 1024K, 0% used [0x00000000d5980000,0x00000000d5980000,0x00000000d5a80000)
 ParOldGen       total 282112K, used 281829K [0x0000000080000000, 0x0000000091380000, 0x00000000d5580000)
  object space 282112K, 99% used [0x0000000080000000,0x00000000913395b8,0x0000000091380000)
 Metaspace       used 56134K, committed 57472K, reserved 1114112K
  class space    used 6453K, committed 7040K, reserved 1048576K
}
Event: 17.507 GC heap after
{Heap after GC invocations=209 (full 2):
 PSYoungGen      total 5120K, used 918K [0x00000000d5580000, 0x00000000d5b80000, 0x0000000100000000)
  eden space 4096K, 0% used [0x00000000d5580000,0x00000000d5580000,0x00000000d5980000)
  from space 1024K, 89% used [0x00000000d5980000,0x00000000d5a65bd0,0x00000000d5a80000)
  to   space 1024K, 0% used [0x00000000d5a80000,0x00000000d5a80000,0x00000000d5b80000)
 ParOldGen       total 282624K, used 282551K [0x0000000080000000, 0x0000000091400000, 0x00000000d5580000)
  object space 282624K, 99% used [0x0000000080000000,0x00000000913edd50,0x0000000091400000)
 Metaspace       used 56134K, committed 57472K, reserved 1114112K
  class space    used 6453K, committed 7040K, reserved 1048576K
}

